<?xml version="1.0" encoding="UTF-8"?>
<!-- Generated by org.testng.reporters.JUnitReportReporter -->
<testsuite hostname="Nixer_Home_PC" name="ru.nixer.tests.GroupModificationTests" tests="5" failures="0" timestamp="7 Jan 2015 05:35:23 GMT" time="7.576" errors="0">
  <testcase name="modifySomeGroup" time="1.592" classname="ru.nixer.tests.GroupModificationTests"/>
  <testcase name="modifySomeGroup" time="1.380" classname="ru.nixer.tests.GroupModificationTests"/>
  <testcase name="modifySomeGroup" time="1.813" classname="ru.nixer.tests.GroupModificationTests"/>
  <testcase name="modifySomeGroup" time="1.377" classname="ru.nixer.tests.GroupModificationTests"/>
  <testcase name="modifySomeGroup" time="1.414" classname="ru.nixer.tests.GroupModificationTests"/>
</testsuite> <!-- ru.nixer.tests.GroupModificationTests -->
