<?xml version="1.0" encoding="UTF-8"?>
<!-- Generated by org.testng.reporters.JUnitReportReporter -->
<testsuite hostname="Nixer_Home_PC" name="ru.nixer.tests.ContactRemovalTests" tests="1" failures="0" timestamp="29 Dec 2014 05:00:48 GMT" time="0.970" errors="0">
  <testcase name="deleteSomeContact" time="0.970" classname="ru.nixer.tests.ContactRemovalTests"/>
</testsuite> <!-- ru.nixer.tests.ContactRemovalTests -->
