<?xml version="1.0" encoding="UTF-8"?>
<!-- Generated by org.testng.reporters.JUnitReportReporter -->
<testsuite hostname="Nixer_Home_PC" name="ru.nixer.tests.ContactCreationTests" tests="5" failures="0" timestamp="20 Jan 2015 03:37:47 GMT" time="9.825" errors="0">
  <testcase name="testContactCreationWithValidData" time="2.471" classname="ru.nixer.tests.ContactCreationTests"/>
  <testcase name="testContactCreationWithValidData" time="2.066" classname="ru.nixer.tests.ContactCreationTests"/>
  <testcase name="testContactCreationWithValidData" time="1.791" classname="ru.nixer.tests.ContactCreationTests"/>
  <testcase name="testContactCreationWithValidData" time="1.761" classname="ru.nixer.tests.ContactCreationTests"/>
  <testcase name="testContactCreationWithValidData" time="1.736" classname="ru.nixer.tests.ContactCreationTests"/>
</testsuite> <!-- ru.nixer.tests.ContactCreationTests -->
