<?xml version="1.0" encoding="UTF-8"?>
<!-- Generated by org.testng.reporters.JUnitReportReporter -->
<testsuite hostname="Nixer_Home_PC" name="ru.nixer.tests.ContactCreationTests" tests="2" failures="0" timestamp="29 Dec 2014 03:27:31 GMT" time="3.467" errors="0">
  <testcase name="testNonEmptyContactCreation" time="2.415" classname="ru.nixer.tests.ContactCreationTests"/>
  <testcase name="testEmptyContactCreation" time="1.052" classname="ru.nixer.tests.ContactCreationTests"/>
</testsuite> <!-- ru.nixer.tests.ContactCreationTests -->
