<?xml version="1.0" encoding="UTF-8"?>
<!-- Generated by org.testng.reporters.JUnitReportReporter -->
<testsuite hostname="Nixer_Home_PC" name="ru.nixer.tests.AlsoGroupCreationTests" tests="2" failures="0" timestamp="15 Dec 2014 01:21:56 GMT" time="2.667" errors="0">
  <testcase name="testNonEmptyGroupCreation" time="1.459" classname="ru.nixer.tests.AlsoGroupCreationTests"/>
  <testcase name="testEmptyGroupCreation" time="1.208" classname="ru.nixer.tests.AlsoGroupCreationTests"/>
</testsuite> <!-- ru.nixer.tests.AlsoGroupCreationTests -->
