<?xml version="1.0" encoding="UTF-8"?>
<!-- Generated by org.testng.reporters.JUnitReportReporter -->
<testsuite hostname="Nixer_Home_PC" name="ru.nixer.tests.ContactCreationTests" tests="1" failures="0" timestamp="20 Jan 2015 00:04:40 GMT" time="3.429" errors="0">
  <testcase name="testNonEmptyContactCreation" time="3.429" classname="ru.nixer.tests.ContactCreationTests"/>
</testsuite> <!-- ru.nixer.tests.ContactCreationTests -->
