<?xml version="1.0" encoding="UTF-8"?>
<!-- Generated by org.testng.reporters.JUnitReportReporter -->
<testsuite hostname="Nixer_Home_PC" name="ru.nixer.tests.GroupModificationTests" tests="1" failures="0" timestamp="29 Dec 2014 02:09:22 GMT" time="1.762" errors="0">
  <testcase name="modifySomeGroup" time="1.762" classname="ru.nixer.tests.GroupModificationTests"/>
</testsuite> <!-- ru.nixer.tests.GroupModificationTests -->
