<?xml version="1.0" encoding="UTF-8"?>
<!-- Generated by org.testng.reporters.JUnitReportReporter -->
<testsuite hostname="Nixer_Home_PC" name="ru.nixer.tests.GroupCreationTests" tests="5" failures="0" timestamp="7 Jan 2015 05:12:46 GMT" time="7.229" errors="0">
  <testcase name="testGroupCreationWithValidData" time="1.317" classname="ru.nixer.tests.GroupCreationTests"/>
  <testcase name="testGroupCreationWithValidData" time="1.981" classname="ru.nixer.tests.GroupCreationTests"/>
  <testcase name="testGroupCreationWithValidData" time="1.322" classname="ru.nixer.tests.GroupCreationTests"/>
  <testcase name="testGroupCreationWithValidData" time="1.306" classname="ru.nixer.tests.GroupCreationTests"/>
  <testcase name="testGroupCreationWithValidData" time="1.303" classname="ru.nixer.tests.GroupCreationTests"/>
</testsuite> <!-- ru.nixer.tests.GroupCreationTests -->
