<?xml version="1.0" encoding="UTF-8"?>
<!-- Generated by org.testng.reporters.JUnitReportReporter -->
<testsuite hostname="Nixer_Home_PC" name="ru.nixer.tests.ContactRemovalTests" tests="1" failures="0" timestamp="20 Jan 2015 03:46:48 GMT" time="1.374" errors="0">
  <testcase name="deleteSomeContact" time="1.374" classname="ru.nixer.tests.ContactRemovalTests"/>
</testsuite> <!-- ru.nixer.tests.ContactRemovalTests -->
