<?xml version="1.0" encoding="UTF-8"?>
<!-- Generated by org.testng.reporters.JUnitReportReporter -->
<testsuite hostname="Nixer_Home_PC" name="ru.nixer.tests.GroupRemovalTests" tests="1" failures="0" timestamp="29 Dec 2014 01:34:32 GMT" time="1.161" errors="0">
  <testcase name="deleteSomeGroup" time="1.161" classname="ru.nixer.tests.GroupRemovalTests"/>
</testsuite> <!-- ru.nixer.tests.GroupRemovalTests -->
