<?xml version="1.0" encoding="UTF-8"?>
<!-- Generated by org.testng.reporters.JUnitReportReporter -->
<testsuite hostname="Nixer_Home_PC" name="ru.nixer.tests.GroupCreationTests" tests="5" failures="0" timestamp="19 Jan 2015 22:36:51 GMT" time="8.304" errors="0">
  <testcase name="testGroupCreationWithValidData" time="1.535" classname="ru.nixer.tests.GroupCreationTests"/>
  <testcase name="testGroupCreationWithValidData" time="2.396" classname="ru.nixer.tests.GroupCreationTests"/>
  <testcase name="testGroupCreationWithValidData" time="1.472" classname="ru.nixer.tests.GroupCreationTests"/>
  <testcase name="testGroupCreationWithValidData" time="1.459" classname="ru.nixer.tests.GroupCreationTests"/>
  <testcase name="testGroupCreationWithValidData" time="1.442" classname="ru.nixer.tests.GroupCreationTests"/>
</testsuite> <!-- ru.nixer.tests.GroupCreationTests -->
