<?xml version="1.0" encoding="UTF-8"?>
<!-- Generated by org.testng.reporters.JUnitReportReporter -->
<testsuite hostname="Nixer_Home_PC" name="ru.nixer.tests.ContactCreationTests" tests="2" failures="0" timestamp="15 Dec 2014 03:42:30 GMT" time="3.519" errors="0">
  <testcase name="testNonEmptyContactCreation" time="2.544" classname="ru.nixer.tests.ContactCreationTests"/>
  <testcase name="testEmptyContactCreation" time="0.975" classname="ru.nixer.tests.ContactCreationTests"/>
</testsuite> <!-- ru.nixer.tests.ContactCreationTests -->
