<?xml version="1.0" encoding="UTF-8"?>
<!-- Generated by org.testng.reporters.JUnitReportReporter -->
<testsuite hostname="Nixer_Home_PC" name="ru.nixer.tests.GroupCreationTests" tests="2" failures="0" timestamp="15 Dec 2014 01:21:56 GMT" time="2.088" errors="0">
  <testcase name="testNonEmptyGroupCreation" time="1.032" classname="ru.nixer.tests.GroupCreationTests"/>
  <testcase name="testEmptyGroupCreation" time="1.056" classname="ru.nixer.tests.GroupCreationTests"/>
</testsuite> <!-- ru.nixer.tests.GroupCreationTests -->
