<?xml version="1.0" encoding="UTF-8"?>
<!-- Generated by org.testng.reporters.JUnitReportReporter -->
<testsuite hostname="Nixer_Home_PC" name="ru.nixer.tests.ContactModificationTest" tests="1" failures="0" timestamp="29 Dec 2014 05:15:22 GMT" time="1.619" errors="0">
  <testcase name="modifySomeContact" time="1.619" classname="ru.nixer.tests.ContactModificationTest"/>
</testsuite> <!-- ru.nixer.tests.ContactModificationTest -->
