<?xml version="1.0" encoding="UTF-8"?>
<!-- Generated by org.testng.reporters.JUnitReportReporter -->
<testsuite hostname="Nixer_Home_PC" name="ru.nixer.tests.GroupCreationTests" tests="2" failures="0" timestamp="15 Dec 2014 03:42:30 GMT" time="2.236" errors="0">
  <testcase name="testNonEmptyGroupCreation" time="1.165" classname="ru.nixer.tests.GroupCreationTests"/>
  <testcase name="testEmptyGroupCreation" time="1.071" classname="ru.nixer.tests.GroupCreationTests"/>
</testsuite> <!-- ru.nixer.tests.GroupCreationTests -->
