<?xml version="1.0" encoding="UTF-8"?>
<!-- Generated by org.testng.reporters.JUnitReportReporter -->
<testsuite hostname="Nixer_Home_PC" name="ru.nixer.tests.GroupCreationTests" tests="2" failures="0" timestamp="29 Dec 2014 01:33:58 GMT" time="3.025" errors="0">
  <testcase name="testNonEmptyGroupCreation" time="1.681" classname="ru.nixer.tests.GroupCreationTests"/>
  <testcase name="testEmptyGroupCreation" time="1.344" classname="ru.nixer.tests.GroupCreationTests"/>
</testsuite> <!-- ru.nixer.tests.GroupCreationTests -->
